Arguments: 
  /Users/bobbyechoprasetyo/.nvm/versions/node/v16.4.0/bin/node /Users/bobbyechoprasetyo/.nvm/versions/node/v16.4.0/bin/yarn init

PATH: 
  /Users/bobbyechoprasetyo/bin:/Users/bobbyechoprasetyo/bin:/Users/bobbyechoprasetyo/Library/Android/sdk/platform-tools:/opt/homebrew/bin:/Users/bobbyechoprasetyo/.nvm/versions/node/v16.4.0/bin:/usr/local/bin:/usr/bin:/bin:/usr/sbin:/sbin:/Library/Apple/usr/bin:/Users/bobbyechoprasetyo/Library/Android/sdk/emulator:/Users/bobbyechoprasetyo/Library/Android/sdk/platform-tools:/opt/homebrew/bin:/Users/bobbyechoprasetyo/.nvm/versions/node/v16.4.0/bin:/usr/local/bin:/usr/bin:/bin:/usr/sbin:/sbin:/Library/Apple/usr/bin/emulator

Yarn version: 
  1.22.10

Node version: 
  16.4.0

Platform: 
  darwin arm64

Trace: 
  Error: canceled
      at Interface.<anonymous> (/Users/bobbyechoprasetyo/.nvm/versions/node/v16.4.0/lib/node_modules/yarn/lib/cli.js:136216:13)
      at Interface.emit (node:events:394:28)
      at Interface._ttyWrite (node:readline:1069:16)
      at ReadStream.onkeypress (node:readline:288:10)
      at ReadStream.emit (node:events:394:28)
      at emitKeys (node:internal/readline/utils:358:14)
      at emitKeys.next (<anonymous>)
      at ReadStream.onData (node:internal/readline/emitKeypressEvents:61:36)
      at ReadStream.emit (node:events:394:28)
      at addChunk (node:internal/streams/readable:312:12)

npm manifest: 
  No manifest

yarn manifest: 
  No manifest

Lockfile: 
  No lockfile
